<?xml version="1.0" encoding="UTF-8"?>
<testsuite xmlns:xsi="http://www.w3.org/2001/XMLSchema-instance" xsi:noNamespaceSchemaLocation="https://maven.apache.org/surefire/maven-surefire-plugin/xsd/surefire-test-report-3.0.xsd" version="3.0" name="TestSuite" time="0.61" tests="1" errors="0" skipped="0" failures="0">
  <properties>
    <property name="sun.desktop" value="windows"/>
    <property name="awt.toolkit" value="sun.awt.windows.WToolkit"/>
    <property name="file.encoding.pkg" value="sun.io"/>
    <property name="java.specification.version" value="1.8"/>
    <property name="sun.cpu.isalist" value="amd64"/>
    <property name="sun.jnu.encoding" value="Cp1252"/>
    <property name="java.class.path" value="C:\Users\Manish_Katepallewar\eclipse-workspace\Selenium_4.0\target\test-classes;C:\Users\Manish_Katepallewar\eclipse-workspace\Selenium_4.0\target\classes;C:\Users\Manish_Katepallewar\.m2\repository\org\seleniumhq\selenium\selenium-java\4.0.0-alpha-3\selenium-java-4.0.0-alpha-3.jar;C:\Users\Manish_Katepallewar\.m2\repository\org\seleniumhq\selenium\selenium-api\4.0.0-alpha-3\selenium-api-4.0.0-alpha-3.jar;C:\Users\Manish_Katepallewar\.m2\repository\org\seleniumhq\selenium\selenium-chrome-driver\4.0.0-alpha-3\selenium-chrome-driver-4.0.0-alpha-3.jar;C:\Users\Manish_Katepallewar\.m2\repository\org\seleniumhq\selenium\selenium-chromium-driver\4.0.0-alpha-3\selenium-chromium-driver-4.0.0-alpha-3.jar;C:\Users\Manish_Katepallewar\.m2\repository\org\seleniumhq\selenium\selenium-devtools\4.0.0-alpha-3\selenium-devtools-4.0.0-alpha-3.jar;C:\Users\Manish_Katepallewar\.m2\repository\org\seleniumhq\selenium\selenium-http\4.0.0-alpha-3\selenium-http-4.0.0-alpha-3.jar;C:\Users\Manish_Katepallewar\.m2\repository\org\seleniumhq\selenium\selenium-json\4.0.0-alpha-3\selenium-json-4.0.0-alpha-3.jar;C:\Users\Manish_Katepallewar\.m2\repository\org\seleniumhq\selenium\selenium-edge-driver\4.0.0-alpha-3\selenium-edge-driver-4.0.0-alpha-3.jar;C:\Users\Manish_Katepallewar\.m2\repository\org\seleniumhq\selenium\selenium-edgehtml-driver\4.0.0-alpha-3\selenium-edgehtml-driver-4.0.0-alpha-3.jar;C:\Users\Manish_Katepallewar\.m2\repository\org\seleniumhq\selenium\selenium-firefox-driver\4.0.0-alpha-3\selenium-firefox-driver-4.0.0-alpha-3.jar;C:\Users\Manish_Katepallewar\.m2\repository\org\seleniumhq\selenium\selenium-firefox-xpi-driver\4.0.0-alpha-3\selenium-firefox-xpi-driver-4.0.0-alpha-3.jar;C:\Users\Manish_Katepallewar\.m2\repository\org\seleniumhq\selenium\selenium-ie-driver\4.0.0-alpha-3\selenium-ie-driver-4.0.0-alpha-3.jar;C:\Users\Manish_Katepallewar\.m2\repository\org\seleniumhq\selenium\selenium-opera-driver\4.0.0-alpha-3\selenium-opera-driver-4.0.0-alpha-3.jar;C:\Users\Manish_Katepallewar\.m2\repository\org\seleniumhq\selenium\selenium-remote-driver\4.0.0-alpha-3\selenium-remote-driver-4.0.0-alpha-3.jar;C:\Users\Manish_Katepallewar\.m2\repository\com\squareup\okhttp3\okhttp\4.0.1\okhttp-4.0.1.jar;C:\Users\Manish_Katepallewar\.m2\repository\com\squareup\okio\okio\2.2.2\okio-2.2.2.jar;C:\Users\Manish_Katepallewar\.m2\repository\org\jetbrains\kotlin\kotlin-stdlib\1.3.40\kotlin-stdlib-1.3.40.jar;C:\Users\Manish_Katepallewar\.m2\repository\org\jetbrains\kotlin\kotlin-stdlib-common\1.3.40\kotlin-stdlib-common-1.3.40.jar;C:\Users\Manish_Katepallewar\.m2\repository\org\jetbrains\annotations\13.0\annotations-13.0.jar;C:\Users\Manish_Katepallewar\.m2\repository\io\opentracing\opentracing-api\0.33.0\opentracing-api-0.33.0.jar;C:\Users\Manish_Katepallewar\.m2\repository\net\bytebuddy\byte-buddy\1.9.12\byte-buddy-1.9.12.jar;C:\Users\Manish_Katepallewar\.m2\repository\org\apache\commons\commons-exec\1.3\commons-exec-1.3.jar;C:\Users\Manish_Katepallewar\.m2\repository\org\seleniumhq\selenium\selenium-safari-driver\4.0.0-alpha-3\selenium-safari-driver-4.0.0-alpha-3.jar;C:\Users\Manish_Katepallewar\.m2\repository\org\seleniumhq\selenium\selenium-support\4.0.0-alpha-3\selenium-support-4.0.0-alpha-3.jar;C:\Users\Manish_Katepallewar\.m2\repository\io\github\bonigarcia\webdrivermanager\3.7.1\webdrivermanager-3.7.1.jar;C:\Users\Manish_Katepallewar\.m2\repository\commons-io\commons-io\2.6\commons-io-2.6.jar;C:\Users\Manish_Katepallewar\.m2\repository\com\google\code\gson\gson\2.8.5\gson-2.8.5.jar;C:\Users\Manish_Katepallewar\.m2\repository\org\apache\commons\commons-lang3\3.8.1\commons-lang3-3.8.1.jar;C:\Users\Manish_Katepallewar\.m2\repository\org\apache\httpcomponents\httpclient\4.5.6\httpclient-4.5.6.jar;C:\Users\Manish_Katepallewar\.m2\repository\org\apache\httpcomponents\httpcore\4.4.10\httpcore-4.4.10.jar;C:\Users\Manish_Katepallewar\.m2\repository\commons-logging\commons-logging\1.2\commons-logging-1.2.jar;C:\Users\Manish_Katepallewar\.m2\repository\commons-codec\commons-codec\1.10\commons-codec-1.10.jar;C:\Users\Manish_Katepallewar\.m2\repository\org\rauschig\jarchivelib\1.0.0\jarchivelib-1.0.0.jar;C:\Users\Manish_Katepallewar\.m2\repository\org\apache\commons\commons-compress\1.18\commons-compress-1.18.jar;C:\Users\Manish_Katepallewar\.m2\repository\org\jsoup\jsoup\1.11.3\jsoup-1.11.3.jar;C:\Users\Manish_Katepallewar\.m2\repository\org\slf4j\slf4j-log4j12\2.0.0-alpha1\slf4j-log4j12-2.0.0-alpha1.jar;C:\Users\Manish_Katepallewar\.m2\repository\log4j\log4j\1.2.17\log4j-1.2.17.jar;C:\Users\Manish_Katepallewar\.m2\repository\org\testng\testng\7.0.0\testng-7.0.0.jar;C:\Users\Manish_Katepallewar\.m2\repository\com\beust\jcommander\1.72\jcommander-1.72.jar;C:\Users\Manish_Katepallewar\.m2\repository\org\slf4j\slf4j-api\2.0.0-alpha1\slf4j-api-2.0.0-alpha1.jar;C:\Users\Manish_Katepallewar\.m2\repository\junit\junit\4.12\junit-4.12.jar;C:\Users\Manish_Katepallewar\.m2\repository\org\hamcrest\hamcrest-core\1.3\hamcrest-core-1.3.jar;C:\Users\Manish_Katepallewar\.m2\repository\org\uncommons\reportng\1.1.2\reportng-1.1.2.jar;C:\Users\Manish_Katepallewar\.m2\repository\org\testng\testng\5.0\testng-5.0-jdk15.jar;C:\Users\Manish_Katepallewar\.m2\repository\ant\ant\1.6.5\ant-1.6.5.jar;C:\Users\Manish_Katepallewar\.m2\repository\velocity\velocity\1.4\velocity-1.4.jar;C:\Users\Manish_Katepallewar\.m2\repository\velocity\velocity-dep\1.4\velocity-dep-1.4.jar;C:\Users\Manish_Katepallewar\.m2\repository\com\google\inject\guice\4.2.2\guice-4.2.2.jar;C:\Users\Manish_Katepallewar\.m2\repository\javax\inject\javax.inject\1\javax.inject-1.jar;C:\Users\Manish_Katepallewar\.m2\repository\aopalliance\aopalliance\1.0\aopalliance-1.0.jar;C:\Users\Manish_Katepallewar\.m2\repository\com\google\guava\guava\25.1-android\guava-25.1-android.jar;C:\Users\Manish_Katepallewar\.m2\repository\com\google\code\findbugs\jsr305\3.0.2\jsr305-3.0.2.jar;C:\Users\Manish_Katepallewar\.m2\repository\org\checkerframework\checker-compat-qual\2.0.0\checker-compat-qual-2.0.0.jar;C:\Users\Manish_Katepallewar\.m2\repository\com\google\errorprone\error_prone_annotations\2.1.3\error_prone_annotations-2.1.3.jar;C:\Users\Manish_Katepallewar\.m2\repository\com\google\j2objc\j2objc-annotations\1.1\j2objc-annotations-1.1.jar;C:\Users\Manish_Katepallewar\.m2\repository\org\codehaus\mojo\animal-sniffer-annotations\1.14\animal-sniffer-annotations-1.14.jar;C:\Users\Manish_Katepallewar\.m2\repository\com\relevantcodes\extentreports\2.41.2\extentreports-2.41.2.jar;C:\Users\Manish_Katepallewar\.m2\repository\org\xerial\sqlite-jdbc\3.8.11.1\sqlite-jdbc-3.8.11.1.jar;C:\Users\Manish_Katepallewar\.m2\repository\org\freemarker\freemarker\2.3.23\freemarker-2.3.23.jar;C:\Users\Manish_Katepallewar\.m2\repository\org\mongodb\mongodb-driver\3.0.4\mongodb-driver-3.0.4.jar;C:\Users\Manish_Katepallewar\.m2\repository\org\mongodb\bson\3.0.4\bson-3.0.4.jar;C:\Users\Manish_Katepallewar\.m2\repository\org\mongodb\mongodb-driver-core\3.0.4\mongodb-driver-core-3.0.4.jar;"/>
    <property name="java.vm.vendor" value="Oracle Corporation"/>
    <property name="sun.arch.data.model" value="64"/>
    <property name="user.variant" value=""/>
    <property name="java.vendor.url" value="http://java.oracle.com/"/>
    <property name="user.timezone" value="Asia/Calcutta"/>
    <property name="java.vm.specification.version" value="1.8"/>
    <property name="os.name" value="Windows 10"/>
    <property name="user.country" value="US"/>
    <property name="sun.java.launcher" value="SUN_STANDARD"/>
    <property name="sun.boot.library.path" value="C:\Program Files\Java\jdk1.8.0_221\jre\bin"/>
    <property name="sun.java.command" value="C:\Users\Manish_Katepallewar\AppData\Local\Temp\surefire2088053509672598852\surefirebooter5161875689431452715.jar C:\Users\Manish_Katepallewar\AppData\Local\Temp\surefire2088053509672598852 2019-12-12T09-11-14_994-jvmRun1 surefire6240009532914892470tmp surefire_05913522907291272056tmp"/>
    <property name="surefire.test.class.path" value="C:\Users\Manish_Katepallewar\eclipse-workspace\Selenium_4.0\target\test-classes;C:\Users\Manish_Katepallewar\eclipse-workspace\Selenium_4.0\target\classes;C:\Users\Manish_Katepallewar\.m2\repository\org\seleniumhq\selenium\selenium-java\4.0.0-alpha-3\selenium-java-4.0.0-alpha-3.jar;C:\Users\Manish_Katepallewar\.m2\repository\org\seleniumhq\selenium\selenium-api\4.0.0-alpha-3\selenium-api-4.0.0-alpha-3.jar;C:\Users\Manish_Katepallewar\.m2\repository\org\seleniumhq\selenium\selenium-chrome-driver\4.0.0-alpha-3\selenium-chrome-driver-4.0.0-alpha-3.jar;C:\Users\Manish_Katepallewar\.m2\repository\org\seleniumhq\selenium\selenium-chromium-driver\4.0.0-alpha-3\selenium-chromium-driver-4.0.0-alpha-3.jar;C:\Users\Manish_Katepallewar\.m2\repository\org\seleniumhq\selenium\selenium-devtools\4.0.0-alpha-3\selenium-devtools-4.0.0-alpha-3.jar;C:\Users\Manish_Katepallewar\.m2\repository\org\seleniumhq\selenium\selenium-http\4.0.0-alpha-3\selenium-http-4.0.0-alpha-3.jar;C:\Users\Manish_Katepallewar\.m2\repository\org\seleniumhq\selenium\selenium-json\4.0.0-alpha-3\selenium-json-4.0.0-alpha-3.jar;C:\Users\Manish_Katepallewar\.m2\repository\org\seleniumhq\selenium\selenium-edge-driver\4.0.0-alpha-3\selenium-edge-driver-4.0.0-alpha-3.jar;C:\Users\Manish_Katepallewar\.m2\repository\org\seleniumhq\selenium\selenium-edgehtml-driver\4.0.0-alpha-3\selenium-edgehtml-driver-4.0.0-alpha-3.jar;C:\Users\Manish_Katepallewar\.m2\repository\org\seleniumhq\selenium\selenium-firefox-driver\4.0.0-alpha-3\selenium-firefox-driver-4.0.0-alpha-3.jar;C:\Users\Manish_Katepallewar\.m2\repository\org\seleniumhq\selenium\selenium-firefox-xpi-driver\4.0.0-alpha-3\selenium-firefox-xpi-driver-4.0.0-alpha-3.jar;C:\Users\Manish_Katepallewar\.m2\repository\org\seleniumhq\selenium\selenium-ie-driver\4.0.0-alpha-3\selenium-ie-driver-4.0.0-alpha-3.jar;C:\Users\Manish_Katepallewar\.m2\repository\org\seleniumhq\selenium\selenium-opera-driver\4.0.0-alpha-3\selenium-opera-driver-4.0.0-alpha-3.jar;C:\Users\Manish_Katepallewar\.m2\repository\org\seleniumhq\selenium\selenium-remote-driver\4.0.0-alpha-3\selenium-remote-driver-4.0.0-alpha-3.jar;C:\Users\Manish_Katepallewar\.m2\repository\com\squareup\okhttp3\okhttp\4.0.1\okhttp-4.0.1.jar;C:\Users\Manish_Katepallewar\.m2\repository\com\squareup\okio\okio\2.2.2\okio-2.2.2.jar;C:\Users\Manish_Katepallewar\.m2\repository\org\jetbrains\kotlin\kotlin-stdlib\1.3.40\kotlin-stdlib-1.3.40.jar;C:\Users\Manish_Katepallewar\.m2\repository\org\jetbrains\kotlin\kotlin-stdlib-common\1.3.40\kotlin-stdlib-common-1.3.40.jar;C:\Users\Manish_Katepallewar\.m2\repository\org\jetbrains\annotations\13.0\annotations-13.0.jar;C:\Users\Manish_Katepallewar\.m2\repository\io\opentracing\opentracing-api\0.33.0\opentracing-api-0.33.0.jar;C:\Users\Manish_Katepallewar\.m2\repository\net\bytebuddy\byte-buddy\1.9.12\byte-buddy-1.9.12.jar;C:\Users\Manish_Katepallewar\.m2\repository\org\apache\commons\commons-exec\1.3\commons-exec-1.3.jar;C:\Users\Manish_Katepallewar\.m2\repository\org\seleniumhq\selenium\selenium-safari-driver\4.0.0-alpha-3\selenium-safari-driver-4.0.0-alpha-3.jar;C:\Users\Manish_Katepallewar\.m2\repository\org\seleniumhq\selenium\selenium-support\4.0.0-alpha-3\selenium-support-4.0.0-alpha-3.jar;C:\Users\Manish_Katepallewar\.m2\repository\io\github\bonigarcia\webdrivermanager\3.7.1\webdrivermanager-3.7.1.jar;C:\Users\Manish_Katepallewar\.m2\repository\commons-io\commons-io\2.6\commons-io-2.6.jar;C:\Users\Manish_Katepallewar\.m2\repository\com\google\code\gson\gson\2.8.5\gson-2.8.5.jar;C:\Users\Manish_Katepallewar\.m2\repository\org\apache\commons\commons-lang3\3.8.1\commons-lang3-3.8.1.jar;C:\Users\Manish_Katepallewar\.m2\repository\org\apache\httpcomponents\httpclient\4.5.6\httpclient-4.5.6.jar;C:\Users\Manish_Katepallewar\.m2\repository\org\apache\httpcomponents\httpcore\4.4.10\httpcore-4.4.10.jar;C:\Users\Manish_Katepallewar\.m2\repository\commons-logging\commons-logging\1.2\commons-logging-1.2.jar;C:\Users\Manish_Katepallewar\.m2\repository\commons-codec\commons-codec\1.10\commons-codec-1.10.jar;C:\Users\Manish_Katepallewar\.m2\repository\org\rauschig\jarchivelib\1.0.0\jarchivelib-1.0.0.jar;C:\Users\Manish_Katepallewar\.m2\repository\org\apache\commons\commons-compress\1.18\commons-compress-1.18.jar;C:\Users\Manish_Katepallewar\.m2\repository\org\jsoup\jsoup\1.11.3\jsoup-1.11.3.jar;C:\Users\Manish_Katepallewar\.m2\repository\org\slf4j\slf4j-log4j12\2.0.0-alpha1\slf4j-log4j12-2.0.0-alpha1.jar;C:\Users\Manish_Katepallewar\.m2\repository\log4j\log4j\1.2.17\log4j-1.2.17.jar;C:\Users\Manish_Katepallewar\.m2\repository\org\testng\testng\7.0.0\testng-7.0.0.jar;C:\Users\Manish_Katepallewar\.m2\repository\com\beust\jcommander\1.72\jcommander-1.72.jar;C:\Users\Manish_Katepallewar\.m2\repository\org\slf4j\slf4j-api\2.0.0-alpha1\slf4j-api-2.0.0-alpha1.jar;C:\Users\Manish_Katepallewar\.m2\repository\junit\junit\4.12\junit-4.12.jar;C:\Users\Manish_Katepallewar\.m2\repository\org\hamcrest\hamcrest-core\1.3\hamcrest-core-1.3.jar;C:\Users\Manish_Katepallewar\.m2\repository\org\uncommons\reportng\1.1.2\reportng-1.1.2.jar;C:\Users\Manish_Katepallewar\.m2\repository\org\testng\testng\5.0\testng-5.0-jdk15.jar;C:\Users\Manish_Katepallewar\.m2\repository\ant\ant\1.6.5\ant-1.6.5.jar;C:\Users\Manish_Katepallewar\.m2\repository\velocity\velocity\1.4\velocity-1.4.jar;C:\Users\Manish_Katepallewar\.m2\repository\velocity\velocity-dep\1.4\velocity-dep-1.4.jar;C:\Users\Manish_Katepallewar\.m2\repository\com\google\inject\guice\4.2.2\guice-4.2.2.jar;C:\Users\Manish_Katepallewar\.m2\repository\javax\inject\javax.inject\1\javax.inject-1.jar;C:\Users\Manish_Katepallewar\.m2\repository\aopalliance\aopalliance\1.0\aopalliance-1.0.jar;C:\Users\Manish_Katepallewar\.m2\repository\com\google\guava\guava\25.1-android\guava-25.1-android.jar;C:\Users\Manish_Katepallewar\.m2\repository\com\google\code\findbugs\jsr305\3.0.2\jsr305-3.0.2.jar;C:\Users\Manish_Katepallewar\.m2\repository\org\checkerframework\checker-compat-qual\2.0.0\checker-compat-qual-2.0.0.jar;C:\Users\Manish_Katepallewar\.m2\repository\com\google\errorprone\error_prone_annotations\2.1.3\error_prone_annotations-2.1.3.jar;C:\Users\Manish_Katepallewar\.m2\repository\com\google\j2objc\j2objc-annotations\1.1\j2objc-annotations-1.1.jar;C:\Users\Manish_Katepallewar\.m2\repository\org\codehaus\mojo\animal-sniffer-annotations\1.14\animal-sniffer-annotations-1.14.jar;C:\Users\Manish_Katepallewar\.m2\repository\com\relevantcodes\extentreports\2.41.2\extentreports-2.41.2.jar;C:\Users\Manish_Katepallewar\.m2\repository\org\xerial\sqlite-jdbc\3.8.11.1\sqlite-jdbc-3.8.11.1.jar;C:\Users\Manish_Katepallewar\.m2\repository\org\freemarker\freemarker\2.3.23\freemarker-2.3.23.jar;C:\Users\Manish_Katepallewar\.m2\repository\org\mongodb\mongodb-driver\3.0.4\mongodb-driver-3.0.4.jar;C:\Users\Manish_Katepallewar\.m2\repository\org\mongodb\bson\3.0.4\bson-3.0.4.jar;C:\Users\Manish_Katepallewar\.m2\repository\org\mongodb\mongodb-driver-core\3.0.4\mongodb-driver-core-3.0.4.jar;"/>
    <property name="sun.cpu.endian" value="little"/>
    <property name="user.home" value="C:\Users\Manish_Katepallewar"/>
    <property name="user.language" value="en"/>
    <property name="java.specification.vendor" value="Oracle Corporation"/>
    <property name="java.home" value="C:\Program Files\Java\jdk1.8.0_221\jre"/>
    <property name="basedir" value="C:\Users\Manish_Katepallewar\eclipse-workspace\Selenium_4.0"/>
    <property name="file.separator" value="\"/>
    <property name="line.separator" value="&#10;"/>
    <property name="java.vm.specification.vendor" value="Oracle Corporation"/>
    <property name="java.specification.name" value="Java Platform API Specification"/>
    <property name="java.awt.graphicsenv" value="sun.awt.Win32GraphicsEnvironment"/>
    <property name="surefire.real.class.path" value="C:\Users\Manish_Katepallewar\AppData\Local\Temp\surefire2088053509672598852\surefirebooter5161875689431452715.jar"/>
    <property name="sun.boot.class.path" value="C:\Program Files\Java\jdk1.8.0_221\jre\lib\resources.jar;C:\Program Files\Java\jdk1.8.0_221\jre\lib\rt.jar;C:\Program Files\Java\jdk1.8.0_221\jre\lib\sunrsasign.jar;C:\Program Files\Java\jdk1.8.0_221\jre\lib\jsse.jar;C:\Program Files\Java\jdk1.8.0_221\jre\lib\jce.jar;C:\Program Files\Java\jdk1.8.0_221\jre\lib\charsets.jar;C:\Program Files\Java\jdk1.8.0_221\jre\lib\jfr.jar;C:\Program Files\Java\jdk1.8.0_221\jre\classes"/>
    <property name="user.script" value=""/>
    <property name="sun.management.compiler" value="HotSpot 64-Bit Tiered Compilers"/>
    <property name="java.runtime.version" value="1.8.0_221-b11"/>
    <property name="user.name" value="Manish_Katepallewar"/>
    <property name="path.separator" value=";"/>
    <property name="os.version" value="10.0"/>
    <property name="java.endorsed.dirs" value="C:\Program Files\Java\jdk1.8.0_221\jre\lib\endorsed"/>
    <property name="java.runtime.name" value="Java(TM) SE Runtime Environment"/>
    <property name="file.encoding" value="Cp1252"/>
    <property name="java.vm.name" value="Java HotSpot(TM) 64-Bit Server VM"/>
    <property name="localRepository" value="C:\Users\Manish_Katepallewar\.m2\repository"/>
    <property name="java.vendor.url.bug" value="http://bugreport.sun.com/bugreport/"/>
    <property name="java.io.tmpdir" value="C:\Users\MANISH~1\AppData\Local\Temp\"/>
    <property name="java.version" value="1.8.0_221"/>
    <property name="user.dir" value="C:\Users\Manish_Katepallewar\eclipse-workspace\Selenium_4.0"/>
    <property name="os.arch" value="amd64"/>
    <property name="java.vm.specification.name" value="Java Virtual Machine Specification"/>
    <property name="java.awt.printerjob" value="sun.awt.windows.WPrinterJob"/>
    <property name="sun.os.patch.level" value=""/>
    <property name="java.library.path" value="C:\Program Files\Java\jdk1.8.0_221\jre\bin;C:\WINDOWS\Sun\Java\bin;C:\WINDOWS\system32;C:\WINDOWS;C:/Program Files/Java/jre1.8.0_221/bin/server;C:/Program Files/Java/jre1.8.0_221/bin;C:/Program Files/Java/jre1.8.0_221/lib/amd64;C:\ProgramData\Anaconda3;C:\ProgramData\Anaconda3\Library\mingw-w64\bin;C:\ProgramData\Anaconda3\Library\usr\bin;C:\ProgramData\Anaconda3\Library\bin;C:\ProgramData\Anaconda3\Scripts;C:\Program Files (x86)\Common Files\Oracle\Java\javapath;C:\Python_3.7.3\Scripts\;C:\Python_3.7.3\;C:\Scripts\;C:\;C:\ProgramData\Oracle\Java\javapath;C:\WINDOWS\system32;C:\WINDOWS;C:\WINDOWS\System32\Wbem;C:\WINDOWS\System32\WindowsPowerShell\v1.0\;C:\Program Files (x86)\Box\Box Edit\;C:\Program Files\Intel\WiFi\bin\;C:\Program Files\Common Files\Intel\WirelessCommon\;C:\Program Files (x86)\Webex\Webex\Applications;C:\Program Files\Git\cmd;C:\apache-maven-3.6.1\bin;C:\apache-tomcat-9.0.22\bin;C:\Program Files\nodejs\;C:\Program Files\Java\jdk1.8.0_221\bin;C:\Program Files (x86)\GitExtensions\;C:\Program Files\CrashPlan\jre\bin\server\;C:\Program Files\CrashPlan\jre\bin\;C:\Program Files (x86)\Google\Google Apps Migration\;C:\Program Files (x86)\Google\Google Apps Sync\;C:\Users\Manish_Katepallewar\AppData\Local\Microsoft\WindowsApps;;C:\Program Files\JetBrains\IntelliJ IDEA 2019.1.3\bin;;C:\Users\Manish_Katepallewar\AppData\Roaming\npm;C:\WINDOWS\system32;;."/>
    <property name="java.vm.info" value="mixed mode"/>
    <property name="java.vendor" value="Oracle Corporation"/>
    <property name="java.vm.version" value="25.221-b11"/>
    <property name="java.ext.dirs" value="C:\Program Files\Java\jdk1.8.0_221\jre\lib\ext;C:\WINDOWS\Sun\Java\lib\ext"/>
    <property name="sun.io.unicode.encoding" value="UnicodeLittle"/>
    <property name="java.class.version" value="52.0"/>
  </properties>
  <testcase name="exampleOftestNgMaven" classname="com.test.Selenium_4.TestNGMavenExample" time="0.005"/>
</testsuite>