<?xml version="1.0" encoding="UTF-8"?>
<!-- Generated by org.testng.reporters.JUnitReportReporter -->
<testsuite skipped="0" hostname="W0472501MSMXT" name="com.test.Selenium_4.TestNGMavenExample" tests="1" failures="0" timestamp="2019-12-12T09:08:53 IST" time="0.007" errors="0">
  <testcase name="exampleOftestNgMaven" time="0.007" classname="com.test.Selenium_4.TestNGMavenExample"/>
</testsuite> <!-- com.test.Selenium_4.TestNGMavenExample -->
